2023/08/01 14:06:42 [notice] 1#1: using the "epoll" event method
2023/08/01 14:06:42 [notice] 1#1: nginx/1.25.0
2023/08/01 14:06:42 [notice] 1#1: built by gcc 10.2.1 20210110 (Debian 10.2.1-6) 
2023/08/01 14:06:42 [notice] 1#1: OS: Linux 5.19.0-50-generic
2023/08/01 14:06:42 [notice] 1#1: getrlimit(RLIMIT_NOFILE): 1048576:1048576
2023/08/01 14:06:42 [notice] 1#1: start worker processes
2023/08/01 14:06:42 [notice] 1#1: start worker process 20
2023/08/01 14:06:42 [notice] 1#1: start worker process 21
2023/08/01 14:06:42 [notice] 1#1: start worker process 22
2023/08/01 14:06:42 [notice] 1#1: start worker process 23
2023/08/01 14:06:42 [notice] 1#1: start worker process 24
2023/08/01 14:06:42 [notice] 1#1: start worker process 25
2023/08/01 14:06:42 [notice] 1#1: start worker process 26
2023/08/01 14:06:42 [notice] 1#1: start worker process 27
2023/08/01 14:06:42 [notice] 1#1: start worker process 28
2023/08/01 14:06:42 [notice] 1#1: start worker process 29
2023/08/01 14:06:42 [notice] 1#1: start worker process 30
2023/08/01 14:06:42 [notice] 1#1: start worker process 31
2023/08/01 14:06:42 [notice] 1#1: start worker process 32
2023/08/01 14:06:42 [notice] 1#1: start worker process 33
2023/08/01 14:06:42 [notice] 1#1: start worker process 34
2023/08/01 14:06:42 [notice] 1#1: start worker process 35
2023/08/01 14:11:33 [notice] 1#1: signal 3 (SIGQUIT) received, shutting down
2023/08/01 14:11:33 [notice] 20#20: gracefully shutting down
2023/08/01 14:11:33 [notice] 22#22: gracefully shutting down
2023/08/01 14:11:33 [notice] 20#20: exiting
2023/08/01 14:11:33 [notice] 24#24: gracefully shutting down
2023/08/01 14:11:33 [notice] 22#22: exiting
2023/08/01 14:11:33 [notice] 25#25: gracefully shutting down
2023/08/01 14:11:33 [notice] 21#21: gracefully shutting down
2023/08/01 14:11:33 [notice] 23#23: gracefully shutting down
2023/08/01 14:11:33 [notice] 29#29: gracefully shutting down
2023/08/01 14:11:33 [notice] 24#24: exiting
2023/08/01 14:11:33 [notice] 28#28: gracefully shutting down
2023/08/01 14:11:33 [notice] 23#23: exiting
2023/08/01 14:11:33 [notice] 31#31: gracefully shutting down
2023/08/01 14:11:33 [notice] 26#26: gracefully shutting down
2023/08/01 14:11:33 [notice] 20#20: exit
2023/08/01 14:11:33 [notice] 30#30: gracefully shutting down
2023/08/01 14:11:33 [notice] 25#25: exiting
2023/08/01 14:11:33 [notice] 22#22: exit
2023/08/01 14:11:33 [notice] 27#27: gracefully shutting down
2023/08/01 14:11:33 [notice] 21#21: exiting
2023/08/01 14:11:33 [notice] 33#33: gracefully shutting down
2023/08/01 14:11:33 [notice] 29#29: exiting
2023/08/01 14:11:33 [notice] 28#28: exiting
2023/08/01 14:11:33 [notice] 31#31: exiting
2023/08/01 14:11:33 [notice] 24#24: exit
2023/08/01 14:11:33 [notice] 26#26: exiting
2023/08/01 14:11:33 [notice] 30#30: exiting
2023/08/01 14:11:33 [notice] 23#23: exit
2023/08/01 14:11:33 [notice] 27#27: exiting
2023/08/01 14:11:33 [notice] 25#25: exit
2023/08/01 14:11:33 [notice] 33#33: exiting
2023/08/01 14:11:33 [notice] 21#21: exit
2023/08/01 14:11:33 [notice] 29#29: exit
2023/08/01 14:11:33 [notice] 28#28: exit
2023/08/01 14:11:33 [notice] 31#31: exit
2023/08/01 14:11:33 [notice] 27#27: exit
2023/08/01 14:11:33 [notice] 26#26: exit
2023/08/01 14:11:33 [notice] 30#30: exit
2023/08/01 14:11:33 [notice] 33#33: exit
2023/08/01 14:11:33 [notice] 32#32: gracefully shutting down
2023/08/01 14:11:33 [notice] 32#32: exiting
2023/08/01 14:11:33 [notice] 32#32: exit
2023/08/01 14:11:33 [notice] 34#34: gracefully shutting down
2023/08/01 14:11:33 [notice] 35#35: gracefully shutting down
2023/08/01 14:11:33 [notice] 34#34: exiting
2023/08/01 14:11:33 [notice] 35#35: exiting
2023/08/01 14:11:33 [notice] 34#34: exit
2023/08/01 14:11:33 [notice] 35#35: exit
2023/08/01 14:11:33 [notice] 1#1: signal 17 (SIGCHLD) received from 29
2023/08/01 14:11:33 [notice] 1#1: worker process 29 exited with code 0
2023/08/01 14:11:33 [notice] 1#1: signal 29 (SIGIO) received
2023/08/01 14:11:34 [notice] 1#1: signal 17 (SIGCHLD) received from 28
2023/08/01 14:11:34 [notice] 1#1: worker process 28 exited with code 0
2023/08/01 14:11:34 [notice] 1#1: signal 29 (SIGIO) received
2023/08/01 14:11:34 [notice] 1#1: signal 17 (SIGCHLD) received from 26
2023/08/01 14:11:34 [notice] 1#1: worker process 26 exited with code 0
2023/08/01 14:11:34 [notice] 1#1: signal 29 (SIGIO) received
2023/08/01 14:11:34 [notice] 1#1: signal 17 (SIGCHLD) received from 30
2023/08/01 14:11:34 [notice] 1#1: worker process 30 exited with code 0
2023/08/01 14:11:34 [notice] 1#1: signal 29 (SIGIO) received
2023/08/01 14:11:34 [notice] 1#1: signal 17 (SIGCHLD) received from 25
2023/08/01 14:11:34 [notice] 1#1: worker process 25 exited with code 0
2023/08/01 14:11:34 [notice] 1#1: worker process 31 exited with code 0
2023/08/01 14:11:34 [notice] 1#1: worker process 33 exited with code 0
2023/08/01 14:11:34 [notice] 1#1: signal 29 (SIGIO) received
2023/08/01 14:11:34 [notice] 1#1: signal 17 (SIGCHLD) received from 33
2023/08/01 14:11:34 [notice] 1#1: worker process 21 exited with code 0
2023/08/01 14:11:34 [notice] 1#1: worker process 35 exited with code 0
2023/08/01 14:11:34 [notice] 1#1: signal 29 (SIGIO) received
2023/08/01 14:11:34 [notice] 1#1: signal 17 (SIGCHLD) received from 32
2023/08/01 14:11:34 [notice] 1#1: worker process 22 exited with code 0
2023/08/01 14:11:34 [notice] 1#1: worker process 32 exited with code 0
2023/08/01 14:11:34 [notice] 1#1: worker process 20 exited with code 0
2023/08/01 14:11:34 [notice] 1#1: signal 29 (SIGIO) received
2023/08/01 14:11:34 [notice] 1#1: signal 17 (SIGCHLD) received from 20
2023/08/01 14:11:34 [notice] 1#1: worker process 23 exited with code 0
2023/08/01 14:11:34 [notice] 1#1: worker process 34 exited with code 0
2023/08/01 14:11:34 [notice] 1#1: signal 29 (SIGIO) received
2023/08/01 14:11:34 [notice] 1#1: signal 17 (SIGCHLD) received from 24
2023/08/01 14:11:34 [notice] 1#1: worker process 24 exited with code 0
2023/08/01 14:11:34 [notice] 1#1: signal 17 (SIGCHLD) received from 27
2023/08/01 14:11:34 [notice] 1#1: worker process 27 exited with code 0
2023/08/01 14:11:34 [notice] 1#1: exit
2023/08/01 14:11:40 [notice] 1#1: using the "epoll" event method
2023/08/01 14:11:40 [notice] 1#1: nginx/1.25.0
2023/08/01 14:11:40 [notice] 1#1: built by gcc 10.2.1 20210110 (Debian 10.2.1-6) 
2023/08/01 14:11:40 [notice] 1#1: OS: Linux 5.19.0-50-generic
2023/08/01 14:11:40 [notice] 1#1: getrlimit(RLIMIT_NOFILE): 1048576:1048576
2023/08/01 14:11:40 [notice] 1#1: start worker processes
2023/08/01 14:11:40 [notice] 1#1: start worker process 20
2023/08/01 14:11:40 [notice] 1#1: start worker process 21
2023/08/01 14:11:40 [notice] 1#1: start worker process 22
2023/08/01 14:11:40 [notice] 1#1: start worker process 23
2023/08/01 14:11:40 [notice] 1#1: start worker process 24
2023/08/01 14:11:40 [notice] 1#1: start worker process 25
2023/08/01 14:11:40 [notice] 1#1: start worker process 26
2023/08/01 14:11:40 [notice] 1#1: start worker process 27
2023/08/01 14:11:40 [notice] 1#1: start worker process 28
2023/08/01 14:11:40 [notice] 1#1: start worker process 29
2023/08/01 14:11:40 [notice] 1#1: start worker process 30
2023/08/01 14:11:40 [notice] 1#1: start worker process 31
2023/08/01 14:11:40 [notice] 1#1: start worker process 32
2023/08/01 14:11:40 [notice] 1#1: start worker process 33
2023/08/01 14:11:40 [notice] 1#1: start worker process 34
2023/08/01 14:11:40 [notice] 1#1: start worker process 35
2023/08/01 14:17:02 [notice] 1#1: signal 3 (SIGQUIT) received, shutting down
2023/08/01 14:17:02 [notice] 22#22: gracefully shutting down
2023/08/01 14:17:02 [notice] 21#21: gracefully shutting down
2023/08/01 14:17:02 [notice] 20#20: gracefully shutting down
2023/08/01 14:17:02 [notice] 23#23: gracefully shutting down
2023/08/01 14:17:02 [notice] 22#22: exiting
2023/08/01 14:17:02 [notice] 25#25: gracefully shutting down
2023/08/01 14:17:02 [notice] 24#24: gracefully shutting down
2023/08/01 14:17:02 [notice] 29#29: gracefully shutting down
2023/08/01 14:17:02 [notice] 27#27: gracefully shutting down
2023/08/01 14:17:02 [notice] 26#26: gracefully shutting down
2023/08/01 14:17:02 [notice] 31#31: gracefully shutting down
2023/08/01 14:17:02 [notice] 21#21: exiting
2023/08/01 14:17:02 [notice] 28#28: gracefully shutting down
2023/08/01 14:17:02 [notice] 32#32: gracefully shutting down
2023/08/01 14:17:02 [notice] 34#34: gracefully shutting down
2023/08/01 14:17:02 [notice] 20#20: exiting
2023/08/01 14:17:02 [notice] 28#28: exiting
2023/08/01 14:17:02 [notice] 33#33: gracefully shutting down
2023/08/01 14:17:02 [notice] 23#23: exiting
2023/08/01 14:17:02 [notice] 25#25: exiting
2023/08/01 14:17:02 [notice] 22#22: exit
2023/08/01 14:17:02 [notice] 24#24: exiting
2023/08/01 14:17:02 [notice] 29#29: exiting
2023/08/01 14:17:02 [notice] 27#27: exiting
2023/08/01 14:17:02 [notice] 26#26: exiting
2023/08/01 14:17:02 [notice] 31#31: exiting
2023/08/01 14:17:02 [notice] 32#32: exiting
2023/08/01 14:17:02 [notice] 34#34: exiting
2023/08/01 14:17:02 [notice] 33#33: exiting
2023/08/01 14:17:02 [notice] 21#21: exit
2023/08/01 14:17:02 [notice] 28#28: exit
2023/08/01 14:17:02 [notice] 25#25: exit
2023/08/01 14:17:02 [notice] 29#29: exit
2023/08/01 14:17:02 [notice] 20#20: exit
2023/08/01 14:17:02 [notice] 23#23: exit
2023/08/01 14:17:02 [notice] 26#26: exit
2023/08/01 14:17:02 [notice] 31#31: exit
2023/08/01 14:17:02 [notice] 24#24: exit
2023/08/01 14:17:02 [notice] 27#27: exit
2023/08/01 14:17:02 [notice] 32#32: exit
2023/08/01 14:17:02 [notice] 34#34: exit
2023/08/01 14:17:02 [notice] 33#33: exit
2023/08/01 14:17:02 [notice] 30#30: gracefully shutting down
2023/08/01 14:17:02 [notice] 30#30: exiting
2023/08/01 14:17:02 [notice] 30#30: exit
2023/08/01 14:17:02 [notice] 35#35: gracefully shutting down
2023/08/01 14:17:02 [notice] 35#35: exiting
2023/08/01 14:17:02 [notice] 35#35: exit
2023/08/01 14:17:02 [notice] 1#1: signal 17 (SIGCHLD) received from 34
2023/08/01 14:17:02 [notice] 1#1: worker process 34 exited with code 0
2023/08/01 14:17:02 [notice] 1#1: signal 29 (SIGIO) received
2023/08/01 14:17:02 [notice] 1#1: signal 17 (SIGCHLD) received from 31
2023/08/01 14:17:02 [notice] 1#1: worker process 31 exited with code 0
2023/08/01 14:17:02 [notice] 1#1: signal 29 (SIGIO) received
2023/08/01 14:17:02 [notice] 1#1: signal 17 (SIGCHLD) received from 21
2023/08/01 14:17:02 [notice] 1#1: worker process 21 exited with code 0
2023/08/01 14:17:02 [notice] 1#1: signal 29 (SIGIO) received
2023/08/01 14:17:02 [notice] 1#1: signal 17 (SIGCHLD) received from 30
2023/08/01 14:17:02 [notice] 1#1: worker process 30 exited with code 0
2023/08/01 14:17:02 [notice] 1#1: worker process 33 exited with code 0
2023/08/01 14:17:02 [notice] 1#1: signal 29 (SIGIO) received
2023/08/01 14:17:02 [notice] 1#1: signal 17 (SIGCHLD) received from 32
2023/08/01 14:17:02 [notice] 1#1: worker process 27 exited with code 0
2023/08/01 14:17:02 [notice] 1#1: worker process 26 exited with code 0
2023/08/01 14:17:02 [notice] 1#1: worker process 32 exited with code 0
2023/08/01 14:17:02 [notice] 1#1: signal 29 (SIGIO) received
2023/08/01 14:17:02 [notice] 1#1: signal 17 (SIGCHLD) received from 27
2023/08/01 14:17:02 [notice] 1#1: signal 17 (SIGCHLD) received from 24
2023/08/01 14:17:02 [notice] 1#1: worker process 24 exited with code 0
2023/08/01 14:17:02 [notice] 1#1: signal 29 (SIGIO) received
2023/08/01 14:17:02 [notice] 1#1: signal 17 (SIGCHLD) received from 23
2023/08/01 14:17:02 [notice] 1#1: worker process 23 exited with code 0
2023/08/01 14:17:02 [notice] 1#1: signal 29 (SIGIO) received
2023/08/01 14:17:02 [notice] 1#1: signal 17 (SIGCHLD) received from 35
2023/08/01 14:17:02 [notice] 1#1: worker process 35 exited with code 0
2023/08/01 14:17:02 [notice] 1#1: signal 29 (SIGIO) received
2023/08/01 14:17:02 [notice] 1#1: signal 17 (SIGCHLD) received from 29
2023/08/01 14:17:02 [notice] 1#1: worker process 29 exited with code 0
2023/08/01 14:17:02 [notice] 1#1: signal 29 (SIGIO) received
2023/08/01 14:17:02 [notice] 1#1: signal 17 (SIGCHLD) received from 22
2023/08/01 14:17:02 [notice] 1#1: worker process 22 exited with code 0
2023/08/01 14:17:02 [notice] 1#1: signal 29 (SIGIO) received
2023/08/01 14:17:02 [notice] 1#1: signal 17 (SIGCHLD) received from 28
2023/08/01 14:17:02 [notice] 1#1: worker process 28 exited with code 0
2023/08/01 14:17:02 [notice] 1#1: signal 29 (SIGIO) received
2023/08/01 14:17:02 [notice] 1#1: signal 17 (SIGCHLD) received from 20
2023/08/01 14:17:02 [notice] 1#1: worker process 20 exited with code 0
2023/08/01 14:17:02 [notice] 1#1: signal 29 (SIGIO) received
2023/08/01 14:17:02 [notice] 1#1: signal 17 (SIGCHLD) received from 25
2023/08/01 14:17:02 [notice] 1#1: worker process 25 exited with code 0
2023/08/01 14:17:02 [notice] 1#1: exit
2023/08/01 14:17:11 [notice] 1#1: using the "epoll" event method
2023/08/01 14:17:11 [notice] 1#1: nginx/1.25.0
2023/08/01 14:17:11 [notice] 1#1: built by gcc 10.2.1 20210110 (Debian 10.2.1-6) 
2023/08/01 14:17:11 [notice] 1#1: OS: Linux 5.19.0-50-generic
2023/08/01 14:17:11 [notice] 1#1: getrlimit(RLIMIT_NOFILE): 1048576:1048576
2023/08/01 14:17:11 [notice] 1#1: start worker processes
2023/08/01 14:17:11 [notice] 1#1: start worker process 20
2023/08/01 14:17:11 [notice] 1#1: start worker process 21
2023/08/01 14:17:11 [notice] 1#1: start worker process 22
2023/08/01 14:17:11 [notice] 1#1: start worker process 23
2023/08/01 14:17:11 [notice] 1#1: start worker process 24
2023/08/01 14:17:11 [notice] 1#1: start worker process 25
2023/08/01 14:17:11 [notice] 1#1: start worker process 26
2023/08/01 14:17:11 [notice] 1#1: start worker process 27
2023/08/01 14:17:11 [notice] 1#1: start worker process 28
2023/08/01 14:17:11 [notice] 1#1: start worker process 29
2023/08/01 14:17:11 [notice] 1#1: start worker process 30
2023/08/01 14:17:11 [notice] 1#1: start worker process 31
2023/08/01 14:17:11 [notice] 1#1: start worker process 32
2023/08/01 14:17:11 [notice] 1#1: start worker process 33
2023/08/01 14:17:11 [notice] 1#1: start worker process 34
2023/08/01 14:17:11 [notice] 1#1: start worker process 35
2023/08/01 14:26:20 [notice] 1#1: signal 3 (SIGQUIT) received, shutting down
2023/08/01 14:26:20 [notice] 22#22: gracefully shutting down
2023/08/01 14:26:20 [notice] 21#21: gracefully shutting down
2023/08/01 14:26:20 [notice] 23#23: gracefully shutting down
2023/08/01 14:26:20 [notice] 21#21: exiting
2023/08/01 14:26:20 [notice] 22#22: exiting
2023/08/01 14:26:20 [notice] 20#20: gracefully shutting down
2023/08/01 14:26:20 [notice] 27#27: gracefully shutting down
2023/08/01 14:26:20 [notice] 26#26: gracefully shutting down
2023/08/01 14:26:20 [notice] 24#24: gracefully shutting down
2023/08/01 14:26:20 [notice] 28#28: gracefully shutting down
2023/08/01 14:26:20 [notice] 25#25: gracefully shutting down
2023/08/01 14:26:20 [notice] 29#29: gracefully shutting down
2023/08/01 14:26:20 [notice] 34#34: gracefully shutting down
2023/08/01 14:26:20 [notice] 31#31: gracefully shutting down
2023/08/01 14:26:20 [notice] 23#23: exiting
2023/08/01 14:26:20 [notice] 22#22: exit
2023/08/01 14:26:20 [notice] 21#21: exit
2023/08/01 14:26:20 [notice] 20#20: exiting
2023/08/01 14:26:20 [notice] 27#27: exiting
2023/08/01 14:26:20 [notice] 26#26: exiting
2023/08/01 14:26:20 [notice] 24#24: exiting
2023/08/01 14:26:20 [notice] 28#28: exiting
2023/08/01 14:26:20 [notice] 25#25: exiting
2023/08/01 14:26:20 [notice] 29#29: exiting
2023/08/01 14:26:20 [notice] 34#34: exiting
2023/08/01 14:26:20 [notice] 31#31: exiting
2023/08/01 14:26:20 [notice] 23#23: exit
2023/08/01 14:26:20 [notice] 27#27: exit
2023/08/01 14:26:20 [notice] 20#20: exit
2023/08/01 14:26:20 [notice] 28#28: exit
2023/08/01 14:26:20 [notice] 26#26: exit
2023/08/01 14:26:20 [notice] 34#34: exit
2023/08/01 14:26:20 [notice] 31#31: exit
2023/08/01 14:26:20 [notice] 24#24: exit
2023/08/01 14:26:20 [notice] 29#29: exit
2023/08/01 14:26:20 [notice] 25#25: exit
2023/08/01 14:26:20 [notice] 32#32: gracefully shutting down
2023/08/01 14:26:20 [notice] 32#32: exiting
2023/08/01 14:26:20 [notice] 33#33: gracefully shutting down
2023/08/01 14:26:20 [notice] 32#32: exit
2023/08/01 14:26:20 [notice] 35#35: gracefully shutting down
2023/08/01 14:26:20 [notice] 33#33: exiting
2023/08/01 14:26:20 [notice] 30#30: gracefully shutting down
2023/08/01 14:26:20 [notice] 35#35: exiting
2023/08/01 14:26:20 [notice] 30#30: exiting
2023/08/01 14:26:20 [notice] 33#33: exit
2023/08/01 14:26:20 [notice] 35#35: exit
2023/08/01 14:26:20 [notice] 30#30: exit
2023/08/01 14:26:20 [notice] 1#1: signal 17 (SIGCHLD) received from 22
2023/08/01 14:26:20 [notice] 1#1: worker process 22 exited with code 0
2023/08/01 14:26:20 [notice] 1#1: worker process 32 exited with code 0
2023/08/01 14:26:20 [notice] 1#1: signal 29 (SIGIO) received
2023/08/01 14:26:20 [notice] 1#1: signal 17 (SIGCHLD) received from 32
2023/08/01 14:26:20 [notice] 1#1: signal 17 (SIGCHLD) received from 27
2023/08/01 14:26:20 [notice] 1#1: worker process 27 exited with code 0
2023/08/01 14:26:20 [notice] 1#1: signal 29 (SIGIO) received
2023/08/01 14:26:20 [notice] 1#1: signal 17 (SIGCHLD) received from 20
2023/08/01 14:26:20 [notice] 1#1: worker process 20 exited with code 0
2023/08/01 14:26:20 [notice] 1#1: signal 29 (SIGIO) received
2023/08/01 14:26:20 [notice] 1#1: signal 17 (SIGCHLD) received from 21
2023/08/01 14:26:20 [notice] 1#1: worker process 21 exited with code 0
2023/08/01 14:26:20 [notice] 1#1: signal 29 (SIGIO) received
2023/08/01 14:26:20 [notice] 1#1: signal 17 (SIGCHLD) received from 33
2023/08/01 14:26:20 [notice] 1#1: worker process 33 exited with code 0
2023/08/01 14:26:20 [notice] 1#1: signal 29 (SIGIO) received
2023/08/01 14:26:20 [notice] 1#1: signal 17 (SIGCHLD) received from 35
2023/08/01 14:26:20 [notice] 1#1: worker process 35 exited with code 0
2023/08/01 14:26:20 [notice] 1#1: signal 29 (SIGIO) received
2023/08/01 14:26:20 [notice] 1#1: signal 17 (SIGCHLD) received from 25
2023/08/01 14:26:20 [notice] 1#1: worker process 25 exited with code 0
2023/08/01 14:26:20 [notice] 1#1: signal 29 (SIGIO) received
2023/08/01 14:26:20 [notice] 1#1: signal 17 (SIGCHLD) received from 34
2023/08/01 14:26:20 [notice] 1#1: worker process 34 exited with code 0
2023/08/01 14:26:20 [notice] 1#1: signal 29 (SIGIO) received
2023/08/01 14:26:20 [notice] 1#1: signal 17 (SIGCHLD) received from 30
2023/08/01 14:26:20 [notice] 1#1: worker process 28 exited with code 0
2023/08/01 14:26:20 [notice] 1#1: worker process 30 exited with code 0
2023/08/01 14:26:20 [notice] 1#1: signal 29 (SIGIO) received
2023/08/01 14:26:20 [notice] 1#1: signal 17 (SIGCHLD) received from 24
2023/08/01 14:26:20 [notice] 1#1: worker process 24 exited with code 0
2023/08/01 14:26:20 [notice] 1#1: signal 29 (SIGIO) received
2023/08/01 14:26:20 [notice] 1#1: signal 17 (SIGCHLD) received from 23
2023/08/01 14:26:20 [notice] 1#1: worker process 23 exited with code 0
2023/08/01 14:26:20 [notice] 1#1: signal 29 (SIGIO) received
2023/08/01 14:26:20 [notice] 1#1: signal 17 (SIGCHLD) received from 29
2023/08/01 14:26:20 [notice] 1#1: worker process 29 exited with code 0
2023/08/01 14:26:20 [notice] 1#1: signal 29 (SIGIO) received
2023/08/01 14:26:20 [notice] 1#1: signal 17 (SIGCHLD) received from 26
2023/08/01 14:26:20 [notice] 1#1: worker process 26 exited with code 0
2023/08/01 14:26:20 [notice] 1#1: signal 29 (SIGIO) received
2023/08/01 14:26:20 [notice] 1#1: signal 17 (SIGCHLD) received from 31
2023/08/01 14:26:20 [notice] 1#1: worker process 31 exited with code 0
2023/08/01 14:26:20 [notice] 1#1: exit
2023/08/01 14:26:24 [notice] 1#1: using the "epoll" event method
2023/08/01 14:26:24 [notice] 1#1: nginx/1.25.0
2023/08/01 14:26:24 [notice] 1#1: built by gcc 10.2.1 20210110 (Debian 10.2.1-6) 
2023/08/01 14:26:24 [notice] 1#1: OS: Linux 5.19.0-50-generic
2023/08/01 14:26:24 [notice] 1#1: getrlimit(RLIMIT_NOFILE): 1048576:1048576
2023/08/01 14:26:24 [notice] 1#1: start worker processes
2023/08/01 14:26:24 [notice] 1#1: start worker process 20
2023/08/01 14:26:24 [notice] 1#1: start worker process 21
2023/08/01 14:26:24 [notice] 1#1: start worker process 22
2023/08/01 14:26:24 [notice] 1#1: start worker process 23
2023/08/01 14:26:24 [notice] 1#1: start worker process 24
2023/08/01 14:26:24 [notice] 1#1: start worker process 25
2023/08/01 14:26:24 [notice] 1#1: start worker process 26
2023/08/01 14:26:24 [notice] 1#1: start worker process 27
2023/08/01 14:26:24 [notice] 1#1: start worker process 28
2023/08/01 14:26:24 [notice] 1#1: start worker process 29
2023/08/01 14:26:24 [notice] 1#1: start worker process 30
2023/08/01 14:26:24 [notice] 1#1: start worker process 31
2023/08/01 14:26:24 [notice] 1#1: start worker process 32
2023/08/01 14:26:24 [notice] 1#1: start worker process 33
2023/08/01 14:26:24 [notice] 1#1: start worker process 34
2023/08/01 14:26:24 [notice] 1#1: start worker process 35
2023/08/01 14:29:10 [notice] 1#1: signal 3 (SIGQUIT) received, shutting down
2023/08/01 14:29:10 [notice] 20#20: gracefully shutting down
2023/08/01 14:29:10 [notice] 20#20: exiting
2023/08/01 14:29:10 [notice] 21#21: gracefully shutting down
2023/08/01 14:29:10 [notice] 22#22: gracefully shutting down
2023/08/01 14:29:10 [notice] 26#26: gracefully shutting down
2023/08/01 14:29:10 [notice] 21#21: exiting
2023/08/01 14:29:10 [notice] 27#27: gracefully shutting down
2023/08/01 14:29:10 [notice] 24#24: gracefully shutting down
2023/08/01 14:29:10 [notice] 23#23: gracefully shutting down
2023/08/01 14:29:10 [notice] 20#20: exit
2023/08/01 14:29:10 [notice] 22#22: exiting
2023/08/01 14:29:10 [notice] 25#25: gracefully shutting down
2023/08/01 14:29:10 [notice] 26#26: exiting
2023/08/01 14:29:10 [notice] 28#28: gracefully shutting down
2023/08/01 14:29:10 [notice] 27#27: exiting
2023/08/01 14:29:10 [notice] 21#21: exit
2023/08/01 14:29:10 [notice] 24#24: exiting
2023/08/01 14:29:10 [notice] 23#23: exiting
2023/08/01 14:29:10 [notice] 22#22: exit
2023/08/01 14:29:10 [notice] 35#35: gracefully shutting down
2023/08/01 14:29:10 [notice] 25#25: exiting
2023/08/01 14:29:10 [notice] 29#29: gracefully shutting down
2023/08/01 14:29:10 [notice] 26#26: exit
2023/08/01 14:29:10 [notice] 28#28: exiting
2023/08/01 14:29:10 [notice] 27#27: exit
2023/08/01 14:29:10 [notice] 35#35: exiting
2023/08/01 14:29:10 [notice] 23#23: exit
2023/08/01 14:29:10 [notice] 24#24: exit
2023/08/01 14:29:10 [notice] 29#29: exiting
2023/08/01 14:29:10 [notice] 25#25: exit
2023/08/01 14:29:10 [notice] 35#35: exit
2023/08/01 14:29:10 [notice] 28#28: exit
2023/08/01 14:29:10 [notice] 29#29: exit
2023/08/01 14:29:10 [notice] 30#30: gracefully shutting down
2023/08/01 14:29:10 [notice] 30#30: exiting
2023/08/01 14:29:10 [notice] 31#31: gracefully shutting down
2023/08/01 14:29:10 [notice] 32#32: gracefully shutting down
2023/08/01 14:29:10 [notice] 30#30: exit
2023/08/01 14:29:10 [notice] 31#31: exiting
2023/08/01 14:29:10 [notice] 33#33: gracefully shutting down
2023/08/01 14:29:10 [notice] 32#32: exiting
2023/08/01 14:29:10 [notice] 33#33: exiting
2023/08/01 14:29:10 [notice] 34#34: gracefully shutting down
2023/08/01 14:29:10 [notice] 31#31: exit
2023/08/01 14:29:10 [notice] 32#32: exit
2023/08/01 14:29:10 [notice] 34#34: exiting
2023/08/01 14:29:10 [notice] 33#33: exit
2023/08/01 14:29:10 [notice] 34#34: exit
2023/08/01 14:29:10 [notice] 1#1: signal 17 (SIGCHLD) received from 35
2023/08/01 14:29:10 [notice] 1#1: worker process 35 exited with code 0
2023/08/01 14:29:10 [notice] 1#1: worker process 20 exited with code 0
2023/08/01 14:29:10 [notice] 1#1: worker process 31 exited with code 0
2023/08/01 14:29:10 [notice] 1#1: worker process 25 exited with code 0
2023/08/01 14:29:10 [notice] 1#1: signal 29 (SIGIO) received
2023/08/01 14:29:10 [notice] 1#1: signal 17 (SIGCHLD) received from 20
2023/08/01 14:29:10 [notice] 1#1: worker process 29 exited with code 0
2023/08/01 14:29:10 [notice] 1#1: signal 29 (SIGIO) received
2023/08/01 14:29:10 [notice] 1#1: signal 17 (SIGCHLD) received from 33
2023/08/01 14:29:10 [notice] 1#1: worker process 33 exited with code 0
2023/08/01 14:29:10 [notice] 1#1: signal 29 (SIGIO) received
2023/08/01 14:29:10 [notice] 1#1: signal 17 (SIGCHLD) received from 30
2023/08/01 14:29:10 [notice] 1#1: worker process 21 exited with code 0
2023/08/01 14:29:10 [notice] 1#1: worker process 30 exited with code 0
2023/08/01 14:29:10 [notice] 1#1: signal 29 (SIGIO) received
2023/08/01 14:29:10 [notice] 1#1: signal 17 (SIGCHLD) received from 23
2023/08/01 14:29:10 [notice] 1#1: worker process 23 exited with code 0
2023/08/01 14:29:10 [notice] 1#1: signal 29 (SIGIO) received
2023/08/01 14:29:10 [notice] 1#1: signal 17 (SIGCHLD) received from 22
2023/08/01 14:29:10 [notice] 1#1: worker process 22 exited with code 0
2023/08/01 14:29:10 [notice] 1#1: worker process 27 exited with code 0
2023/08/01 14:29:10 [notice] 1#1: worker process 32 exited with code 0
2023/08/01 14:29:10 [notice] 1#1: worker process 34 exited with code 0
2023/08/01 14:29:10 [notice] 1#1: signal 29 (SIGIO) received
2023/08/01 14:29:10 [notice] 1#1: signal 17 (SIGCHLD) received from 24
2023/08/01 14:29:10 [notice] 1#1: worker process 24 exited with code 0
2023/08/01 14:29:10 [notice] 1#1: signal 29 (SIGIO) received
2023/08/01 14:29:10 [notice] 1#1: signal 17 (SIGCHLD) received from 26
2023/08/01 14:29:10 [notice] 1#1: worker process 26 exited with code 0
2023/08/01 14:29:10 [notice] 1#1: signal 29 (SIGIO) received
2023/08/01 14:29:10 [notice] 1#1: signal 17 (SIGCHLD) received from 28
2023/08/01 14:29:10 [notice] 1#1: worker process 28 exited with code 0
2023/08/01 14:29:10 [notice] 1#1: exit
2023/08/01 14:29:14 [notice] 1#1: using the "epoll" event method
2023/08/01 14:29:14 [notice] 1#1: nginx/1.25.0
2023/08/01 14:29:14 [notice] 1#1: built by gcc 10.2.1 20210110 (Debian 10.2.1-6) 
2023/08/01 14:29:14 [notice] 1#1: OS: Linux 5.19.0-50-generic
2023/08/01 14:29:14 [notice] 1#1: getrlimit(RLIMIT_NOFILE): 1048576:1048576
2023/08/01 14:29:14 [notice] 1#1: start worker processes
2023/08/01 14:29:14 [notice] 1#1: start worker process 20
2023/08/01 14:29:14 [notice] 1#1: start worker process 21
2023/08/01 14:29:14 [notice] 1#1: start worker process 22
2023/08/01 14:29:14 [notice] 1#1: start worker process 23
2023/08/01 14:29:14 [notice] 1#1: start worker process 24
2023/08/01 14:29:14 [notice] 1#1: start worker process 25
2023/08/01 14:29:14 [notice] 1#1: start worker process 26
2023/08/01 14:29:14 [notice] 1#1: start worker process 27
2023/08/01 14:29:14 [notice] 1#1: start worker process 28
2023/08/01 14:29:14 [notice] 1#1: start worker process 29
2023/08/01 14:29:14 [notice] 1#1: start worker process 30
2023/08/01 14:29:14 [notice] 1#1: start worker process 31
2023/08/01 14:29:14 [notice] 1#1: start worker process 32
2023/08/01 14:29:14 [notice] 1#1: start worker process 33
2023/08/01 14:29:14 [notice] 1#1: start worker process 34
2023/08/01 14:29:14 [notice] 1#1: start worker process 35
2023/08/01 14:53:59 [notice] 1#1: signal 3 (SIGQUIT) received, shutting down
2023/08/01 14:53:59 [notice] 20#20: gracefully shutting down
2023/08/01 14:53:59 [notice] 21#21: gracefully shutting down
2023/08/01 14:53:59 [notice] 22#22: gracefully shutting down
2023/08/01 14:53:59 [notice] 20#20: exiting
2023/08/01 14:53:59 [notice] 21#21: exiting
2023/08/01 14:53:59 [notice] 28#28: gracefully shutting down
2023/08/01 14:53:59 [notice] 23#23: gracefully shutting down
2023/08/01 14:53:59 [notice] 25#25: gracefully shutting down
2023/08/01 14:53:59 [notice] 29#29: gracefully shutting down
2023/08/01 14:53:59 [notice] 24#24: gracefully shutting down
2023/08/01 14:53:59 [notice] 27#27: gracefully shutting down
2023/08/01 14:53:59 [notice] 22#22: exiting
2023/08/01 14:53:59 [notice] 28#28: exiting
2023/08/01 14:53:59 [notice] 30#30: gracefully shutting down
2023/08/01 14:53:59 [notice] 32#32: gracefully shutting down
2023/08/01 14:53:59 [notice] 20#20: exit
2023/08/01 14:53:59 [notice] 34#34: gracefully shutting down
2023/08/01 14:53:59 [notice] 23#23: exiting
2023/08/01 14:53:59 [notice] 21#21: exit
2023/08/01 14:53:59 [notice] 25#25: exiting
2023/08/01 14:53:59 [notice] 29#29: exiting
2023/08/01 14:53:59 [notice] 33#33: gracefully shutting down
2023/08/01 14:53:59 [notice] 24#24: exiting
2023/08/01 14:53:59 [notice] 27#27: exiting
2023/08/01 14:53:59 [notice] 30#30: exiting
2023/08/01 14:53:59 [notice] 28#28: exit
2023/08/01 14:53:59 [notice] 22#22: exit
2023/08/01 14:53:59 [notice] 32#32: exiting
2023/08/01 14:53:59 [notice] 34#34: exiting
2023/08/01 14:53:59 [notice] 26#26: gracefully shutting down
2023/08/01 14:53:59 [notice] 23#23: exit
2023/08/01 14:53:59 [notice] 33#33: exiting
2023/08/01 14:53:59 [notice] 29#29: exit
2023/08/01 14:53:59 [notice] 25#25: exit
2023/08/01 14:53:59 [notice] 26#26: exiting
2023/08/01 14:53:59 [notice] 24#24: exit
2023/08/01 14:53:59 [notice] 27#27: exit
2023/08/01 14:53:59 [notice] 34#34: exit
2023/08/01 14:53:59 [notice] 30#30: exit
2023/08/01 14:53:59 [notice] 32#32: exit
2023/08/01 14:53:59 [notice] 26#26: exit
2023/08/01 14:53:59 [notice] 33#33: exit
2023/08/01 14:53:59 [notice] 31#31: gracefully shutting down
2023/08/01 14:53:59 [notice] 35#35: gracefully shutting down
2023/08/01 14:53:59 [notice] 31#31: exiting
2023/08/01 14:53:59 [notice] 35#35: exiting
2023/08/01 14:53:59 [notice] 31#31: exit
2023/08/01 14:53:59 [notice] 35#35: exit
2023/08/01 14:53:59 [notice] 1#1: signal 17 (SIGCHLD) received from 29
2023/08/01 14:53:59 [notice] 1#1: worker process 29 exited with code 0
2023/08/01 14:53:59 [notice] 1#1: signal 29 (SIGIO) received
2023/08/01 14:53:59 [notice] 1#1: signal 17 (SIGCHLD) received from 24
2023/08/01 14:53:59 [notice] 1#1: worker process 24 exited with code 0
2023/08/01 14:53:59 [notice] 1#1: signal 29 (SIGIO) received
2023/08/01 14:53:59 [notice] 1#1: signal 17 (SIGCHLD) received from 32
2023/08/01 14:53:59 [notice] 1#1: worker process 32 exited with code 0
2023/08/01 14:53:59 [notice] 1#1: signal 29 (SIGIO) received
2023/08/01 14:53:59 [notice] 1#1: signal 17 (SIGCHLD) received from 25
2023/08/01 14:53:59 [notice] 1#1: worker process 25 exited with code 0
2023/08/01 14:53:59 [notice] 1#1: signal 29 (SIGIO) received
2023/08/01 14:53:59 [notice] 1#1: signal 17 (SIGCHLD) received from 27
2023/08/01 14:53:59 [notice] 1#1: worker process 27 exited with code 0
2023/08/01 14:53:59 [notice] 1#1: signal 29 (SIGIO) received
2023/08/01 14:53:59 [notice] 1#1: signal 17 (SIGCHLD) received from 33
2023/08/01 14:53:59 [notice] 1#1: worker process 33 exited with code 0
2023/08/01 14:53:59 [notice] 1#1: signal 29 (SIGIO) received
2023/08/01 14:53:59 [notice] 1#1: signal 17 (SIGCHLD) received from 23
2023/08/01 14:53:59 [notice] 1#1: worker process 23 exited with code 0
2023/08/01 14:53:59 [notice] 1#1: signal 29 (SIGIO) received
2023/08/01 14:53:59 [notice] 1#1: signal 17 (SIGCHLD) received from 28
2023/08/01 14:53:59 [notice] 1#1: worker process 28 exited with code 0
2023/08/01 14:53:59 [notice] 1#1: worker process 30 exited with code 0
2023/08/01 14:53:59 [notice] 1#1: signal 29 (SIGIO) received
2023/08/01 14:53:59 [notice] 1#1: signal 17 (SIGCHLD) received from 30
2023/08/01 14:53:59 [notice] 1#1: worker process 21 exited with code 0
2023/08/01 14:53:59 [notice] 1#1: signal 29 (SIGIO) received
2023/08/01 14:53:59 [notice] 1#1: signal 17 (SIGCHLD) received from 31
2023/08/01 14:53:59 [notice] 1#1: worker process 31 exited with code 0
2023/08/01 14:53:59 [notice] 1#1: signal 29 (SIGIO) received
2023/08/01 14:53:59 [notice] 1#1: signal 17 (SIGCHLD) received from 35
2023/08/01 14:53:59 [notice] 1#1: worker process 35 exited with code 0
2023/08/01 14:53:59 [notice] 1#1: signal 29 (SIGIO) received
2023/08/01 14:53:59 [notice] 1#1: signal 17 (SIGCHLD) received from 34
2023/08/01 14:53:59 [notice] 1#1: worker process 34 exited with code 0
2023/08/01 14:53:59 [notice] 1#1: signal 29 (SIGIO) received
2023/08/01 14:53:59 [notice] 1#1: signal 17 (SIGCHLD) received from 20
2023/08/01 14:53:59 [notice] 1#1: worker process 20 exited with code 0
2023/08/01 14:53:59 [notice] 1#1: signal 29 (SIGIO) received
2023/08/01 14:53:59 [notice] 1#1: signal 17 (SIGCHLD) received from 26
2023/08/01 14:53:59 [notice] 1#1: worker process 26 exited with code 0
2023/08/01 14:53:59 [notice] 1#1: signal 17 (SIGCHLD) received from 22
2023/08/01 14:53:59 [notice] 1#1: worker process 22 exited with code 0
2023/08/01 14:53:59 [notice] 1#1: exit
2023/08/01 14:53:59 [notice] 1#1: using the "epoll" event method
2023/08/01 14:53:59 [notice] 1#1: nginx/1.25.0
2023/08/01 14:53:59 [notice] 1#1: built by gcc 10.2.1 20210110 (Debian 10.2.1-6) 
2023/08/01 14:53:59 [notice] 1#1: OS: Linux 5.19.0-50-generic
2023/08/01 14:53:59 [notice] 1#1: getrlimit(RLIMIT_NOFILE): 1048576:1048576
2023/08/01 14:53:59 [notice] 1#1: start worker processes
2023/08/01 14:53:59 [notice] 1#1: start worker process 20
2023/08/01 14:53:59 [notice] 1#1: start worker process 21
2023/08/01 14:53:59 [notice] 1#1: start worker process 22
2023/08/01 14:53:59 [notice] 1#1: start worker process 23
2023/08/01 14:53:59 [notice] 1#1: start worker process 24
2023/08/01 14:53:59 [notice] 1#1: start worker process 25
2023/08/01 14:53:59 [notice] 1#1: start worker process 26
2023/08/01 14:53:59 [notice] 1#1: start worker process 27
2023/08/01 14:53:59 [notice] 1#1: start worker process 28
2023/08/01 14:53:59 [notice] 1#1: start worker process 29
2023/08/01 14:53:59 [notice] 1#1: start worker process 30
2023/08/01 14:53:59 [notice] 1#1: start worker process 31
2023/08/01 14:53:59 [notice] 1#1: start worker process 32
2023/08/01 14:53:59 [notice] 1#1: start worker process 33
2023/08/01 14:53:59 [notice] 1#1: start worker process 34
2023/08/01 14:53:59 [notice] 1#1: start worker process 35
2023/08/01 15:17:18 [notice] 1#1: signal 3 (SIGQUIT) received, shutting down
2023/08/01 15:17:18 [notice] 20#20: gracefully shutting down
2023/08/01 15:17:18 [notice] 22#22: gracefully shutting down
2023/08/01 15:17:18 [notice] 21#21: gracefully shutting down
2023/08/01 15:17:18 [notice] 25#25: gracefully shutting down
2023/08/01 15:17:18 [notice] 24#24: gracefully shutting down
2023/08/01 15:17:18 [notice] 23#23: gracefully shutting down
2023/08/01 15:17:18 [notice] 26#26: gracefully shutting down
2023/08/01 15:17:18 [notice] 20#20: exiting
2023/08/01 15:17:18 [notice] 27#27: gracefully shutting down
2023/08/01 15:17:18 [notice] 28#28: gracefully shutting down
2023/08/01 15:17:18 [notice] 22#22: exiting
2023/08/01 15:17:18 [notice] 29#29: gracefully shutting down
2023/08/01 15:17:18 [notice] 31#31: gracefully shutting down
2023/08/01 15:17:18 [notice] 32#32: gracefully shutting down
2023/08/01 15:17:18 [notice] 25#25: exiting
2023/08/01 15:17:18 [notice] 34#34: gracefully shutting down
2023/08/01 15:17:18 [notice] 24#24: exiting
2023/08/01 15:17:18 [notice] 30#30: gracefully shutting down
2023/08/01 15:17:18 [notice] 23#23: exiting
2023/08/01 15:17:18 [notice] 21#21: exiting
2023/08/01 15:17:18 [notice] 26#26: exiting
2023/08/01 15:17:18 [notice] 27#27: exiting
2023/08/01 15:17:18 [notice] 28#28: exiting
2023/08/01 15:17:18 [notice] 29#29: exiting
2023/08/01 15:17:18 [notice] 20#20: exit
2023/08/01 15:17:18 [notice] 31#31: exiting
2023/08/01 15:17:18 [notice] 32#32: exiting
2023/08/01 15:17:18 [notice] 22#22: exit
2023/08/01 15:17:18 [notice] 34#34: exiting
2023/08/01 15:17:18 [notice] 30#30: exiting
2023/08/01 15:17:18 [notice] 25#25: exit
2023/08/01 15:17:18 [notice] 24#24: exit
2023/08/01 15:17:18 [notice] 21#21: exit
2023/08/01 15:17:18 [notice] 26#26: exit
2023/08/01 15:17:18 [notice] 23#23: exit
2023/08/01 15:17:18 [notice] 29#29: exit
2023/08/01 15:17:18 [notice] 27#27: exit
2023/08/01 15:17:18 [notice] 28#28: exit
2023/08/01 15:17:18 [notice] 31#31: exit
2023/08/01 15:17:18 [notice] 32#32: exit
2023/08/01 15:17:18 [notice] 34#34: exit
2023/08/01 15:17:18 [notice] 30#30: exit
2023/08/01 15:17:18 [notice] 33#33: gracefully shutting down
2023/08/01 15:17:18 [notice] 35#35: gracefully shutting down
2023/08/01 15:17:18 [notice] 33#33: exiting
2023/08/01 15:17:18 [notice] 35#35: exiting
2023/08/01 15:17:18 [notice] 33#33: exit
2023/08/01 15:17:18 [notice] 35#35: exit
2023/08/01 15:17:18 [notice] 1#1: signal 17 (SIGCHLD) received from 30
2023/08/01 15:17:18 [notice] 1#1: worker process 30 exited with code 0
2023/08/01 15:17:18 [notice] 1#1: worker process 20 exited with code 0
2023/08/01 15:17:18 [notice] 1#1: signal 29 (SIGIO) received
2023/08/01 15:17:18 [notice] 1#1: signal 17 (SIGCHLD) received from 20
2023/08/01 15:17:18 [notice] 1#1: worker process 24 exited with code 0
2023/08/01 15:17:18 [notice] 1#1: signal 29 (SIGIO) received
2023/08/01 15:17:18 [notice] 1#1: signal 17 (SIGCHLD) received from 23
2023/08/01 15:17:18 [notice] 1#1: worker process 23 exited with code 0
2023/08/01 15:17:18 [notice] 1#1: signal 29 (SIGIO) received
2023/08/01 15:17:18 [notice] 1#1: signal 17 (SIGCHLD) received from 33
2023/08/01 15:17:18 [notice] 1#1: worker process 33 exited with code 0
2023/08/01 15:17:18 [notice] 1#1: signal 29 (SIGIO) received
2023/08/01 15:17:18 [notice] 1#1: signal 17 (SIGCHLD) received from 26
2023/08/01 15:17:18 [notice] 1#1: worker process 26 exited with code 0
2023/08/01 15:17:18 [notice] 1#1: worker process 22 exited with code 0
2023/08/01 15:17:18 [notice] 1#1: worker process 32 exited with code 0
2023/08/01 15:17:18 [notice] 1#1: signal 29 (SIGIO) received
2023/08/01 15:17:18 [notice] 1#1: signal 17 (SIGCHLD) received from 22
2023/08/01 15:17:18 [notice] 1#1: worker process 21 exited with code 0
2023/08/01 15:17:18 [notice] 1#1: signal 29 (SIGIO) received
2023/08/01 15:17:18 [notice] 1#1: signal 17 (SIGCHLD) received from 21
2023/08/01 15:17:18 [notice] 1#1: signal 17 (SIGCHLD) received from 25
2023/08/01 15:17:18 [notice] 1#1: worker process 25 exited with code 0
2023/08/01 15:17:18 [notice] 1#1: signal 29 (SIGIO) received
2023/08/01 15:17:18 [notice] 1#1: signal 17 (SIGCHLD) received from 28
2023/08/01 15:17:18 [notice] 1#1: worker process 28 exited with code 0
2023/08/01 15:17:18 [notice] 1#1: signal 29 (SIGIO) received
2023/08/01 15:17:18 [notice] 1#1: signal 17 (SIGCHLD) received from 31
2023/08/01 15:17:18 [notice] 1#1: worker process 31 exited with code 0
2023/08/01 15:17:18 [notice] 1#1: signal 29 (SIGIO) received
2023/08/01 15:17:18 [notice] 1#1: signal 17 (SIGCHLD) received from 35
2023/08/01 15:17:18 [notice] 1#1: worker process 27 exited with code 0
2023/08/01 15:17:18 [notice] 1#1: worker process 35 exited with code 0
2023/08/01 15:17:18 [notice] 1#1: signal 29 (SIGIO) received
2023/08/01 15:17:18 [notice] 1#1: signal 17 (SIGCHLD) received from 29
2023/08/01 15:17:18 [notice] 1#1: worker process 29 exited with code 0
2023/08/01 15:17:18 [notice] 1#1: signal 29 (SIGIO) received
2023/08/01 15:17:18 [notice] 1#1: signal 17 (SIGCHLD) received from 34
2023/08/01 15:17:18 [notice] 1#1: worker process 34 exited with code 0
2023/08/01 15:17:18 [notice] 1#1: exit
2023/08/01 15:17:41 [notice] 1#1: using the "epoll" event method
2023/08/01 15:17:41 [notice] 1#1: nginx/1.25.0
2023/08/01 15:17:41 [notice] 1#1: built by gcc 10.2.1 20210110 (Debian 10.2.1-6) 
2023/08/01 15:17:41 [notice] 1#1: OS: Linux 5.19.0-50-generic
2023/08/01 15:17:41 [notice] 1#1: getrlimit(RLIMIT_NOFILE): 1048576:1048576
2023/08/01 15:17:41 [notice] 1#1: start worker processes
2023/08/01 15:17:41 [notice] 1#1: start worker process 20
2023/08/01 15:17:41 [notice] 1#1: start worker process 21
2023/08/01 15:17:41 [notice] 1#1: start worker process 22
2023/08/01 15:17:41 [notice] 1#1: start worker process 23
2023/08/01 15:17:41 [notice] 1#1: start worker process 24
2023/08/01 15:17:41 [notice] 1#1: start worker process 25
2023/08/01 15:17:41 [notice] 1#1: start worker process 26
2023/08/01 15:17:41 [notice] 1#1: start worker process 27
2023/08/01 15:17:41 [notice] 1#1: start worker process 28
2023/08/01 15:17:41 [notice] 1#1: start worker process 29
2023/08/01 15:17:41 [notice] 1#1: start worker process 30
2023/08/01 15:17:41 [notice] 1#1: start worker process 31
2023/08/01 15:17:41 [notice] 1#1: start worker process 32
2023/08/01 15:17:41 [notice] 1#1: start worker process 33
2023/08/01 15:17:41 [notice] 1#1: start worker process 34
2023/08/01 15:17:41 [notice] 1#1: start worker process 35
2023/08/01 18:15:08 [notice] 1#1: signal 3 (SIGQUIT) received, shutting down
2023/08/01 18:15:08 [notice] 20#20: gracefully shutting down
2023/08/01 18:15:08 [notice] 24#24: gracefully shutting down
2023/08/01 18:15:08 [notice] 20#20: exiting
2023/08/01 18:15:08 [notice] 24#24: exiting
2023/08/01 18:15:08 [notice] 20#20: exit
2023/08/01 18:15:08 [notice] 24#24: exit
2023/08/01 18:15:08 [notice] 23#23: gracefully shutting down
2023/08/01 18:15:08 [notice] 30#30: gracefully shutting down
2023/08/01 18:15:08 [notice] 23#23: exiting
2023/08/01 18:15:08 [notice] 29#29: gracefully shutting down
2023/08/01 18:15:08 [notice] 30#30: exiting
2023/08/01 18:15:08 [notice] 29#29: exiting
2023/08/01 18:15:08 [notice] 22#22: gracefully shutting down
2023/08/01 18:15:08 [notice] 23#23: exit
2023/08/01 18:15:08 [notice] 30#30: exit
2023/08/01 18:15:08 [notice] 29#29: exit
2023/08/01 18:15:08 [notice] 22#22: exiting
2023/08/01 18:15:08 [notice] 22#22: exit
2023/08/01 18:15:08 [notice] 25#25: gracefully shutting down
2023/08/01 18:15:08 [notice] 25#25: exiting
2023/08/01 18:15:08 [notice] 25#25: exit
2023/08/01 18:15:08 [notice] 28#28: gracefully shutting down
2023/08/01 18:15:08 [notice] 28#28: exiting
2023/08/01 18:15:08 [notice] 28#28: exit
2023/08/01 18:15:08 [notice] 26#26: gracefully shutting down
2023/08/01 18:15:08 [notice] 26#26: exiting
2023/08/01 18:15:08 [notice] 26#26: exit
2023/08/01 18:15:08 [notice] 31#31: gracefully shutting down
2023/08/01 18:15:08 [notice] 31#31: exiting
2023/08/01 18:15:08 [notice] 31#31: exit
2023/08/01 18:15:08 [notice] 32#32: gracefully shutting down
2023/08/01 18:15:08 [notice] 32#32: exiting
2023/08/01 18:15:08 [notice] 32#32: exit
2023/08/01 18:15:08 [notice] 33#33: gracefully shutting down
2023/08/01 18:15:08 [notice] 33#33: exiting
2023/08/01 18:15:08 [notice] 33#33: exit
2023/08/01 18:15:08 [notice] 27#27: gracefully shutting down
2023/08/01 18:15:08 [notice] 27#27: exiting
2023/08/01 18:15:08 [notice] 27#27: exit
2023/08/01 18:15:08 [notice] 21#21: gracefully shutting down
2023/08/01 18:15:08 [notice] 21#21: exiting
2023/08/01 18:15:08 [notice] 21#21: exit
2023/08/01 18:15:08 [notice] 35#35: gracefully shutting down
2023/08/01 18:15:08 [notice] 35#35: exiting
2023/08/01 18:15:08 [notice] 35#35: exit
2023/08/01 18:15:08 [notice] 34#34: gracefully shutting down
2023/08/01 18:15:08 [notice] 34#34: exiting
2023/08/01 18:15:08 [notice] 34#34: exit
2023/08/01 18:15:08 [notice] 1#1: signal 17 (SIGCHLD) received from 22
2023/08/01 18:15:08 [notice] 1#1: worker process 22 exited with code 0
2023/08/01 18:15:08 [notice] 1#1: signal 29 (SIGIO) received
2023/08/01 18:15:08 [notice] 1#1: signal 17 (SIGCHLD) received from 35
2023/08/01 18:15:08 [notice] 1#1: worker process 24 exited with code 0
2023/08/01 18:15:08 [notice] 1#1: worker process 34 exited with code 0
2023/08/01 18:15:08 [notice] 1#1: worker process 35 exited with code 0
2023/08/01 18:15:08 [notice] 1#1: signal 29 (SIGIO) received
2023/08/01 18:15:08 [notice] 1#1: signal 17 (SIGCHLD) received from 28
2023/08/01 18:15:08 [notice] 1#1: worker process 28 exited with code 0
2023/08/01 18:15:08 [notice] 1#1: signal 29 (SIGIO) received
2023/08/01 18:15:08 [notice] 1#1: signal 17 (SIGCHLD) received from 20
2023/08/01 18:15:08 [notice] 1#1: worker process 20 exited with code 0
2023/08/01 18:15:08 [notice] 1#1: signal 29 (SIGIO) received
2023/08/01 18:15:08 [notice] 1#1: signal 17 (SIGCHLD) received from 30
2023/08/01 18:15:08 [notice] 1#1: worker process 30 exited with code 0
2023/08/01 18:15:08 [notice] 1#1: signal 29 (SIGIO) received
2023/08/01 18:15:08 [notice] 1#1: signal 17 (SIGCHLD) received from 29
2023/08/01 18:15:08 [notice] 1#1: worker process 23 exited with code 0
2023/08/01 18:15:08 [notice] 1#1: worker process 25 exited with code 0
2023/08/01 18:15:08 [notice] 1#1: worker process 26 exited with code 0
2023/08/01 18:15:08 [notice] 1#1: worker process 29 exited with code 0
2023/08/01 18:15:08 [notice] 1#1: worker process 31 exited with code 0
2023/08/01 18:15:08 [notice] 1#1: worker process 32 exited with code 0
2023/08/01 18:15:08 [notice] 1#1: signal 29 (SIGIO) received
2023/08/01 18:15:08 [notice] 1#1: signal 17 (SIGCHLD) received from 33
2023/08/01 18:15:08 [notice] 1#1: worker process 33 exited with code 0
2023/08/01 18:15:08 [notice] 1#1: signal 29 (SIGIO) received
2023/08/01 18:15:08 [notice] 1#1: signal 17 (SIGCHLD) received from 27
2023/08/01 18:15:08 [notice] 1#1: worker process 27 exited with code 0
2023/08/01 18:15:08 [notice] 1#1: signal 29 (SIGIO) received
2023/08/01 18:15:08 [notice] 1#1: signal 17 (SIGCHLD) received from 21
2023/08/01 18:15:08 [notice] 1#1: worker process 21 exited with code 0
2023/08/01 18:15:08 [notice] 1#1: exit
2023/08/02 14:13:50 [notice] 1#1: using the "epoll" event method
2023/08/02 14:13:50 [notice] 1#1: nginx/1.25.0
2023/08/02 14:13:50 [notice] 1#1: built by gcc 10.2.1 20210110 (Debian 10.2.1-6) 
2023/08/02 14:13:50 [notice] 1#1: OS: Linux 5.19.0-50-generic
2023/08/02 14:13:50 [notice] 1#1: getrlimit(RLIMIT_NOFILE): 1048576:1048576
2023/08/02 14:13:50 [notice] 1#1: start worker processes
2023/08/02 14:13:50 [notice] 1#1: start worker process 20
2023/08/02 14:13:50 [notice] 1#1: start worker process 21
2023/08/02 14:13:50 [notice] 1#1: start worker process 22
2023/08/02 14:13:50 [notice] 1#1: start worker process 23
2023/08/02 14:13:50 [notice] 1#1: start worker process 24
2023/08/02 14:13:50 [notice] 1#1: start worker process 25
2023/08/02 14:13:50 [notice] 1#1: start worker process 26
2023/08/02 14:13:50 [notice] 1#1: start worker process 27
2023/08/02 14:13:50 [notice] 1#1: start worker process 28
2023/08/02 14:13:50 [notice] 1#1: start worker process 29
2023/08/02 14:13:50 [notice] 1#1: start worker process 30
2023/08/02 14:13:50 [notice] 1#1: start worker process 31
2023/08/02 14:13:50 [notice] 1#1: start worker process 32
2023/08/02 14:13:50 [notice] 1#1: start worker process 33
2023/08/02 14:13:50 [notice] 1#1: start worker process 34
2023/08/02 14:13:50 [notice] 1#1: start worker process 35
